[2024-04-26 23:34:03]	[done]
	build successfully !

[2024-04-26 23:41:22]	compilation failed at : "c:\Users\lsk\Desktop\NO5\up\Gyroscope-main\Chassis\Bsp\robot_def.c", exit code: 1
command: 
  "C:\Keil_v5\ARM\ARMCC\bin\armcc.exe" -c --apcs=interwork -I../Inc -I../Drivers/STM32F4xx_HAL_Driver/Inc -I../Drivers/STM32F4xx_HAL_Driver/Inc/Legacy -I../Middlewares/Third_Party/FreeRTOS/Source/include -I../Middlewares/Third_Party/FreeRTOS/Source/CMSIS_RTOS -I../Middlewares/Third_Party/FreeRTOS/Source/portable/RVDS/ARM_CM4F -I../Drivers/CMSIS/Device/ST/STM32F4xx/Include -I../Drivers/CMSIS/Include -I../Application -I../Bsp -I../Components -I../Components/Algorithm -I../Components/Controller -I../Components/Devices -I../Components/Algorithm/Include -I.cmsis/include -IRTE/_C_Board_Standard_Robot -I.eide/deps -I../Src -I../User/Task -I../User/DriverLayer -I../User/AlgorithmLayer -I../User/PotocaLayer -I../User -I../Middlewares/ST/STM32_USB_Device_Library/Class/CDC/Inc -I../Middlewares/ST/STM32_USB_Device_Library/Class/CDC/Src -I../Middlewares/ST/STM32_USB_Device_Library/Core/Inc -I../Middlewares/ST/STM32_USB_Device_Library/Core/Src -I. -DUSE_HAL_DRIVER -DSTM32F407xx -DARM_MATH_CM4 -D__FPU_USED="1U" -D__FPU_PRESENT="1U" -D__CC_ARM -DARM_MATH_MATRIX_CHECK -DARM_MATH_ROUNDING --cpu Cortex-M4.fp --li --c99 -D__MICROLIB -O3 --split_sections --diag_suppress=1 --diag_suppress=1295 -g -o .\build\C_Board_Standard_Robot\.obj\__\Bsp\robot_def.o --no_depend_system_headers --depend .\build\C_Board_Standard_Robot\.obj\__\Bsp\robot_def.d .\..\Bsp\robot_def.c
   at unify_builder.Program.Main(String[] args_)
---
".\..\Bsp\robot_def.c", line 13: Error:  #5: cannot open source input file "bsp_init.h": No such file or directory
  #include "bsp_init.h"
                       ^
.\..\Bsp\robot_def.c: 0 warnings, 1 error

[2024-04-26 23:41:38]	[done]
	build successfully !

[2024-04-26 23:50:46]	compilation failed at : "c:\Users\lsk\Desktop\NO5\up\Gyroscope-main\Chassis\Bsp\VideoTransmitter.c", exit code: 1
command: 
  "C:\Keil_v5\ARM\ARMCC\bin\armcc.exe" -c --apcs=interwork -I../Inc -I../Drivers/STM32F4xx_HAL_Driver/Inc -I../Drivers/STM32F4xx_HAL_Driver/Inc/Legacy -I../Middlewares/Third_Party/FreeRTOS/Source/include -I../Middlewares/Third_Party/FreeRTOS/Source/CMSIS_RTOS -I../Middlewares/Third_Party/FreeRTOS/Source/portable/RVDS/ARM_CM4F -I../Drivers/CMSIS/Device/ST/STM32F4xx/Include -I../Drivers/CMSIS/Include -I../Application -I../Bsp -I../Components -I../Components/Algorithm -I../Components/Controller -I../Components/Devices -I../Components/Algorithm/Include -I.cmsis/include -IRTE/_C_Board_Standard_Robot -I.eide/deps -I../Src -I../User/Task -I../User/DriverLayer -I../User/AlgorithmLayer -I../User/PotocaLayer -I../User -I../Middlewares/ST/STM32_USB_Device_Library/Class/CDC/Inc -I../Middlewares/ST/STM32_USB_Device_Library/Class/CDC/Src -I../Middlewares/ST/STM32_USB_Device_Library/Core/Inc -I../Middlewares/ST/STM32_USB_Device_Library/Core/Src -I. -DUSE_HAL_DRIVER -DSTM32F407xx -DARM_MATH_CM4 -D__FPU_USED="1U" -D__FPU_PRESENT="1U" -D__CC_ARM -DARM_MATH_MATRIX_CHECK -DARM_MATH_ROUNDING --cpu Cortex-M4.fp --li --c99 -D__MICROLIB -O3 --split_sections --diag_suppress=1 --diag_suppress=1295 -g -o .\build\C_Board_Standard_Robot\.obj\__\Bsp\VideoTransmitter.o --no_depend_system_headers --depend .\build\C_Board_Standard_Robot\.obj\__\Bsp\VideoTransmitter.d .\..\Bsp\VideoTransmitter.c
   at unify_builder.Program.Main(String[] args_)
---
".\..\Bsp\VideoTransmitter.h", line 20: Error:  #5: cannot open source input file "remote_control.h": No such file or directory
  #include "remote_control.h"
                             ^
.\..\Bsp\VideoTransmitter.c: 0 warnings, 1 error

[2024-04-26 23:52:01]	compilation failed at : "c:\Users\lsk\Desktop\NO5\up\Gyroscope-main\Chassis\Bsp\VideoTransmitter.c", exit code: 1
command: 
  "C:\Keil_v5\ARM\ARMCC\bin\armcc.exe" -c --apcs=interwork -I../Inc -I../Drivers/STM32F4xx_HAL_Driver/Inc -I../Drivers/STM32F4xx_HAL_Driver/Inc/Legacy -I../Middlewares/Third_Party/FreeRTOS/Source/include -I../Middlewares/Third_Party/FreeRTOS/Source/CMSIS_RTOS -I../Middlewares/Third_Party/FreeRTOS/Source/portable/RVDS/ARM_CM4F -I../Drivers/CMSIS/Device/ST/STM32F4xx/Include -I../Drivers/CMSIS/Include -I../Application -I../Bsp -I../Components -I../Components/Algorithm -I../Components/Controller -I../Components/Devices -I../Components/Algorithm/Include -I.cmsis/include -IRTE/_C_Board_Standard_Robot -I.eide/deps -I../Src -I../User/Task -I../User/DriverLayer -I../User/AlgorithmLayer -I../User/PotocaLayer -I../User -I../Middlewares/ST/STM32_USB_Device_Library/Class/CDC/Inc -I../Middlewares/ST/STM32_USB_Device_Library/Class/CDC/Src -I../Middlewares/ST/STM32_USB_Device_Library/Core/Inc -I../Middlewares/ST/STM32_USB_Device_Library/Core/Src -I. -DUSE_HAL_DRIVER -DSTM32F407xx -DARM_MATH_CM4 -D__FPU_USED="1U" -D__FPU_PRESENT="1U" -D__CC_ARM -DARM_MATH_MATRIX_CHECK -DARM_MATH_ROUNDING --cpu Cortex-M4.fp --li --c99 -D__MICROLIB -O3 --split_sections --diag_suppress=1 --diag_suppress=1295 -g -o .\build\C_Board_Standard_Robot\.obj\__\Bsp\VideoTransmitter.o --no_depend_system_headers --depend .\build\C_Board_Standard_Robot\.obj\__\Bsp\VideoTransmitter.d .\..\Bsp\VideoTransmitter.c
   at unify_builder.Program.Main(String[] args_)
---
".\..\Bsp\VideoTransmitter.h", line 33: Error:  #20: identifier "Key_t" is undefined
      Key_t key[3]; // Êî?‰∏?‰Ω?Âü?Âê?Áö?Èî?Áõ?Á¥?Âº?,Á©?Èó?Âá?Â∞?8ÂÄ?,ÈÄ?Â∫?Â¢?Âä?16~ÂÄ?
      ^
".\..\Bsp\VideoTransmitter.c", line 19: Error:  #20: identifier "TEMP" is undefined
      if (video_ctrl[TEMP].key[KEY_PRESS].ctrl) // ctrlÈî?Êå?‰∏?
                     ^
".\..\Bsp\VideoTransmitter.c", line 19: Error:  #20: identifier "KEY_PRESS" is undefined
      if (video_ctrl[TEMP].key[KEY_PRESS].ctrl) // ctrlÈî?Êå?‰∏?
                               ^
".\..\Bsp\VideoTransmitter.c", line 20: Error:  #20: identifier "KEY_PRESS_WITH_CTRL" is undefined
          video_ctrl[TEMP].key[KEY_PRESS_WITH_CTRL] = video_ctrl[TEMP].key[KEY_PRESS];
                               ^
".\..\Bsp\VideoTransmitter.c", line 22: Error:  #20: identifier "KEY_PRESS_WITH_CTRL" is undefined
          memset(&video_ctrl[TEMP].key[KEY_PRESS_WITH_CTRL], 0, sizeof(Key_t));
                                       ^
".\..\Bsp\VideoTransmitter.c", line 22: Error:  #20: identifier "Key_t" is undefined
          memset(&video_ctrl[TEMP].key[KEY_PRESS_WITH_CTRL], 0, sizeof(Key_t));
                                                                       ^
".\..\Bsp\VideoTransmitter.c", line 23: Error:  #20: identifier "TEMP" is undefined
      if (video_ctrl[TEMP].key[KEY_PRESS].shift) // shiftÈî?Êå?‰∏?
                     ^
".\..\Bsp\VideoTransmitter.c", line 23: Error:  #20: identifier "KEY_PRESS" is undefined
      if (video_ctrl[TEMP].key[KEY_PRESS].shift) // shiftÈî?Êå?‰∏?
                               ^
".\..\Bsp\VideoTransmitter.c", line 24: Error:  #20: identifier "KEY_PRESS_WITH_SHIFT" is undefined
          video_ctrl[TEMP].key[KEY_PRESS_WITH_SHIFT] = video_ctrl[TEMP].key[KEY_PRESS];
                               ^
".\..\Bsp\VideoTransmitter.c", line 26: Error:  #20: identifier "KEY_PRESS_WITH_SHIFT" is undefined
          memset(&video_ctrl[TEMP].key[KEY_PRESS_WITH_SHIFT], 0, sizeof(Key_t));
                                       ^
".\..\Bsp\VideoTransmitter.c", line 26: Error:  #20: identifier "Key_t" is undefined
          memset(&video_ctrl[TEMP].key[KEY_PRESS_WITH_SHIFT], 0, sizeof(Key_t));
                                                                        ^
".\..\Bsp\VideoTransmitter.c", line 28: Error:  #20: identifier "TEMP" is undefined
      uint16_t key_now = video_ctrl[TEMP].key[KEY_PRESS].keys,                   // ÂΩ?Ââ?Êå?Èî?Êò?Âê?Êå?‰∏?
                                    ^
".\..\Bsp\VideoTransmitter.c", line 28: Error:  #20: identifier "KEY_PRESS" is undefined
      uint16_t key_now = video_ctrl[TEMP].key[KEY_PRESS].keys,                   // ÂΩ?Ââ?Êå?Èî?Êò?Âê?Êå?‰∏?
                                              ^
".\..\Bsp\VideoTransmitter.c", line 29: Error:  #20: identifier "LAST" is undefined
          key_last = video_ctrl[LAST].key[KEY_PRESS].keys,                       // ‰∏?‰∏ÄÊ¨?Êå?Èî?Êò?Âê?Êå?‰∏?
                                ^
".\..\Bsp\VideoTransmitter.c", line 30: Error:  #20: identifier "KEY_PRESS_WITH_CTRL" is undefined
          key_with_ctrl = video_ctrl[TEMP].key[KEY_PRESS_WITH_CTRL].keys,        // ÂΩ?Ââ?ctrlÁª?Âê?Èî?Êò?Âê?Êå?‰∏?
                                               ^
".\..\Bsp\VideoTransmitter.c", line 31: Error:  #20: identifier "KEY_PRESS_WITH_SHIFT" is undefined
          key_with_shift = video_ctrl[TEMP].key[KEY_PRESS_WITH_SHIFT].keys,      //  ÂΩ?Ââ?shiftÁª?Âê?Èî?Êò?Âê?Êå?‰∏?
                                                ^
".\..\Bsp\VideoTransmitter.c", line 63: Error:  #20: identifier "TEMP" is undefined
      memcpy(&video_ctrl[TEMP].FrameHeader, buff, LEN_HEADER);
                         ^
".\..\Bsp\VideoTransmitter.c", line 68: Error:  #20: identifier "TRUE" is undefined
          if (Verify_CRC8_Check_Sum(buff, LEN_HEADER) == TRUE)
                                                         ^
".\..\Bsp\VideoTransmitter.c", line 86: Error:  #20: identifier "KEY_PRESS" is undefined
                      *(uint16_t *)&video_ctrl[TEMP].key[KEY_PRESS] = video_ctrl[TEMP].key_data.keyboard_value;
                                                         ^
".\..\Bsp\VideoTransmitter.c", line 88: Warning:  #69-D: integer conversion resulted in truncation
                      can_remote(buff + DATA_Offset, 0x311,8);
                                                     ^
".\..\Bsp\VideoTransmitter.c", line 88: Error:  #140: too many arguments in function call
                      can_remote(buff + DATA_Offset, 0x311,8);
                                                           ^
".\..\Bsp\VideoTransmitter.c", line 89: Warning:  #69-D: integer conversion resulted in truncation
                      can_remote(buff + DATA_Offset + 8, 0x312,2);
                                                         ^
".\..\Bsp\VideoTransmitter.c", line 89: Error:  #140: too many arguments in function call
                      can_remote(buff + DATA_Offset + 8, 0x312,2);
                                                               ^
".\..\Bsp\VideoTransmitter.c", line 131: Warning:  #144-D: a value of type "void (*)()" cannot be used to initialize an entity of type "offline_callback"
          .callback = VideoTransmitterLostCallback,
                      ^
.\..\Bsp\VideoTransmitter.c: 3 warnings, 21 errors

[2024-04-26 23:53:48]	[done]
	build successfully !

[2024-04-26 23:54:29]	[done]
	build successfully !

[2024-04-26 23:58:33]	[done]
	build successfully !

[2024-04-27 00:01:53]	[done]
	build successfully !

[2024-04-27 00:03:24]	[done]
	build successfully !

